0 info it worked if it ends with ok
1 verbose cli [ '/usr/local/bin/node',
1 verbose cli   '/Users/francoagustinrabaglia/.node/bin/npm',
1 verbose cli   'start' ]
2 info using npm@3.10.5
3 info using node@v6.0.0
4 verbose stack Error: Invalid name: "$"
4 verbose stack     at ensureValidName (/Users/francoagustinrabaglia/.node/lib/node_modules/npm/node_modules/normalize-package-data/lib/fixer.js:336:15)
4 verbose stack     at Object.module.exports.fixNameField (/Users/francoagustinrabaglia/.node/lib/node_modules/npm/node_modules/normalize-package-data/lib/fixer.js:215:5)
4 verbose stack     at /Users/francoagustinrabaglia/.node/lib/node_modules/npm/node_modules/normalize-package-data/lib/normalize.js:32:38
4 verbose stack     at Array.forEach (native)
4 verbose stack     at normalize (/Users/francoagustinrabaglia/.node/lib/node_modules/npm/node_modules/normalize-package-data/lib/normalize.js:31:15)
4 verbose stack     at final (/Users/francoagustinrabaglia/.node/lib/node_modules/npm/node_modules/read-package-json/read-json.js:349:5)
4 verbose stack     at then (/Users/francoagustinrabaglia/.node/lib/node_modules/npm/node_modules/read-package-json/read-json.js:124:5)
4 verbose stack     at ReadFileContext.<anonymous> (/Users/francoagustinrabaglia/.node/lib/node_modules/npm/node_modules/read-package-json/read-json.js:295:20)
4 verbose stack     at ReadFileContext.callback (/Users/francoagustinrabaglia/.node/lib/node_modules/npm/node_modules/graceful-fs/graceful-fs.js:78:16)
4 verbose stack     at FSReqWrap.readFileAfterOpen [as oncomplete] (fs.js:359:13)
5 verbose cwd /Users/francoagustinrabaglia/Develop/Games/pomelo/template/game-server
6 error Darwin 15.3.0
7 error argv "/usr/local/bin/node" "/Users/francoagustinrabaglia/.node/bin/npm" "start"
8 error node v6.0.0
9 error npm  v3.10.5
10 error Invalid name: "$"
11 error If you need help, you may report this error at:
11 error     <https://github.com/npm/npm/issues>
12 verbose exit [ 1, true ]
